<?xml version="1.0" encoding="UTF-8"?>
<!-- Generated by org.testng.reporters.JUnitXMLReporter -->
<testsuite ignored="1" hostname="IND04-L-5K255B3" failures="0" tests="2" name="Default test" time="18.125" errors="0" timestamp="2024-03-01T16:31:30 IST">
  <testcase classname="MavenProjectLearning.SubmitOrderTest" name="submitOrder" time="4.292"/>
  <testcase classname="MavenProjectLearning.SubmitOrderTest" name="submitOrder" time="5.15"/>
  <testcase classname="MavenProjectLearning.SubmitOrderTest" name="OrderHistoryTest" time="0.0">
    <ignored/>
  </testcase> <!-- OrderHistoryTest -->
</testsuite> <!-- Default test -->
