<?xml version="1.0" encoding="UTF-8"?>
<!-- Generated by org.testng.reporters.JUnitXMLReporter -->
<testsuite ignored="0" hostname="IND04-L-5K255B3" failures="0" tests="2" name="Error Validations Test" time="8.257" errors="0" timestamp="2024-03-06T10:15:44 IST">
  <testcase classname="MavenProjectLearning.ErrorValidationsTest" name="LoginErrorValidation" time="0.47"/>
  <testcase classname="MavenProjectLearning.ErrorValidationsTest" name="ProductErrorValidation" time="2.104"/>
</testsuite> <!-- Error Validations Test -->
