<?xml version="1.0" encoding="UTF-8"?>
<!-- Generated by org.testng.reporters.JUnitXMLReporter -->
<testsuite ignored="0" hostname="IND04-L-5K255B3" failures="0" tests="3" name="Submit Order Test" time="21.223" errors="0" timestamp="2024-03-06T10:15:36 IST">
  <testcase classname="MavenProjectLearning.SubmitOrderTest" name="submitOrder" time="4.034"/>
  <testcase classname="MavenProjectLearning.SubmitOrderTest" name="submitOrder" time="4.99"/>
  <testcase classname="MavenProjectLearning.SubmitOrderTest" name="OrderHistoryTest" time="0.525"/>
</testsuite> <!-- Submit Order Test -->
