<?xml version="1.0" encoding="UTF-8"?>
<!-- Generated by org.testng.reporters.JUnitXMLReporter -->
<testsuite ignored="0" hostname="IND04-L-5K255B3" failures="0" tests="2" name="Error Validations Test" time="15.613" errors="0" timestamp="2024-03-15T14:56:22 IST">
  <testcase classname="MavenProjectLearning.ErrorValidationsTest" name="LoginErrorValidation" time="0.503"/>
  <testcase classname="MavenProjectLearning.ErrorValidationsTest" name="ProductErrorValidation" time="2.33"/>
</testsuite> <!-- Error Validations Test -->
