<?xml version="1.0" encoding="UTF-8"?>
<!-- Generated by org.testng.reporters.JUnitXMLReporter -->
<testsuite ignored="0" hostname="IND04-L-5K255B3" failures="0" tests="3" name="Submit Order Test" time="30.274" errors="0" timestamp="2024-03-15T14:56:06 IST">
  <testcase classname="MavenProjectLearning.SubmitOrderTest" name="submitOrder" time="4.445"/>
  <testcase classname="MavenProjectLearning.SubmitOrderTest" name="submitOrder" time="5.029"/>
  <testcase classname="MavenProjectLearning.SubmitOrderTest" name="OrderHistoryTest" time="0.77"/>
</testsuite> <!-- Submit Order Test -->
