<?xml version="1.0" encoding="UTF-8"?>
<testng-results ignored="0" total="5" passed="5" failed="0" skipped="0">
  <reporter-output>
  </reporter-output>
  <suite started-at="2024-03-15T14:55:35 IST" name="Suite" finished-at="2024-03-15T14:56:22 IST" duration-ms="46510">
    <groups>
      <group name="ErrorHandling">
        <method signature="ErrorValidationsTest.LoginErrorValidation()[pri:0, instance:MavenProjectLearning.ErrorValidationsTest@57db2b13]" name="LoginErrorValidation" class="MavenProjectLearning.ErrorValidationsTest"/>
      </group> <!-- ErrorHandling -->
      <group name="Purchase">
        <method signature="SubmitOrderTest.submitOrder(java.util.HashMap)[pri:0, instance:MavenProjectLearning.SubmitOrderTest@28dcca0c]" name="submitOrder" class="MavenProjectLearning.SubmitOrderTest"/>
      </group> <!-- Purchase -->
    </groups>
    <test started-at="2024-03-15T14:55:35 IST" name="Submit Order Test" finished-at="2024-03-15T14:56:06 IST" duration-ms="30274">
      <class name="MavenProjectLearning.SubmitOrderTest">
        <test-method is-config="true" signature="launchApplication()[pri:0, instance:MavenProjectLearning.SubmitOrderTest@28dcca0c]" started-at="2024-03-15T14:55:36 IST" name="launchApplication" finished-at="2024-03-15T14:55:44 IST" duration-ms="8695" status="PASS">
          <reporter-output>
          </reporter-output>
        </test-method> <!-- launchApplication -->
        <test-method signature="submitOrder(java.util.HashMap)[pri:0, instance:MavenProjectLearning.SubmitOrderTest@28dcca0c]" started-at="2024-03-15T14:55:44 IST" name="submitOrder" data-provider="getData" finished-at="2024-03-15T14:55:49 IST" duration-ms="4445" status="PASS">
          <params>
            <param index="0">
              <value>
                <![CDATA[{password=Iamking@000, product=ZARA COAT 3, email=anshika@gmail.com}]]>
              </value>
            </param>
          </params>
          <reporter-output>
          </reporter-output>
        </test-method> <!-- submitOrder -->
        <test-method is-config="true" signature="tearDown()[pri:0, instance:MavenProjectLearning.SubmitOrderTest@28dcca0c]" started-at="2024-03-15T14:55:49 IST" name="tearDown" finished-at="2024-03-15T14:55:49 IST" duration-ms="123" status="PASS">
          <reporter-output>
          </reporter-output>
        </test-method> <!-- tearDown -->
        <test-method is-config="true" signature="launchApplication()[pri:0, instance:MavenProjectLearning.SubmitOrderTest@28dcca0c]" started-at="2024-03-15T14:55:49 IST" name="launchApplication" finished-at="2024-03-15T14:55:53 IST" duration-ms="4063" status="PASS">
          <reporter-output>
          </reporter-output>
        </test-method> <!-- launchApplication -->
        <test-method signature="submitOrder(java.util.HashMap)[pri:0, instance:MavenProjectLearning.SubmitOrderTest@28dcca0c]" started-at="2024-03-15T14:55:53 IST" name="submitOrder" data-provider="getData" finished-at="2024-03-15T14:55:58 IST" duration-ms="5029" status="PASS">
          <params>
            <param index="0">
              <value>
                <![CDATA[{password=Iamking@000, product=ADIDAS ORIGINAL, email=shetty@gmail.com}]]>
              </value>
            </param>
          </params>
          <reporter-output>
          </reporter-output>
        </test-method> <!-- submitOrder -->
        <test-method is-config="true" signature="tearDown()[pri:0, instance:MavenProjectLearning.SubmitOrderTest@28dcca0c]" started-at="2024-03-15T14:55:58 IST" name="tearDown" finished-at="2024-03-15T14:55:58 IST" duration-ms="111" status="PASS">
          <reporter-output>
          </reporter-output>
        </test-method> <!-- tearDown -->
        <test-method is-config="true" signature="launchApplication()[pri:0, instance:MavenProjectLearning.SubmitOrderTest@28dcca0c]" started-at="2024-03-15T14:55:58 IST" name="launchApplication" finished-at="2024-03-15T14:56:05 IST" duration-ms="6635" status="PASS">
          <reporter-output>
          </reporter-output>
        </test-method> <!-- launchApplication -->
        <test-method signature="OrderHistoryTest()[pri:0, instance:MavenProjectLearning.SubmitOrderTest@28dcca0c]" started-at="2024-03-15T14:56:05 IST" name="OrderHistoryTest" finished-at="2024-03-15T14:56:05 IST" depends-on-methods="MavenProjectLearning.SubmitOrderTest.submitOrder" duration-ms="770" status="PASS">
          <reporter-output>
          </reporter-output>
        </test-method> <!-- OrderHistoryTest -->
        <test-method is-config="true" signature="tearDown()[pri:0, instance:MavenProjectLearning.SubmitOrderTest@28dcca0c]" started-at="2024-03-15T14:56:05 IST" name="tearDown" finished-at="2024-03-15T14:56:06 IST" duration-ms="108" status="PASS">
          <reporter-output>
          </reporter-output>
        </test-method> <!-- tearDown -->
      </class> <!-- MavenProjectLearning.SubmitOrderTest -->
    </test> <!-- Submit Order Test -->
    <test started-at="2024-03-15T14:56:06 IST" name="Error Validations Test" finished-at="2024-03-15T14:56:22 IST" duration-ms="15613">
      <class name="MavenProjectLearning.ErrorValidationsTest">
        <test-method is-config="true" signature="launchApplication()[pri:0, instance:MavenProjectLearning.ErrorValidationsTest@57db2b13]" started-at="2024-03-15T14:56:06 IST" name="launchApplication" finished-at="2024-03-15T14:56:10 IST" duration-ms="3883" status="PASS">
          <reporter-output>
          </reporter-output>
        </test-method> <!-- launchApplication -->
        <test-method signature="LoginErrorValidation()[pri:0, instance:MavenProjectLearning.ErrorValidationsTest@57db2b13]" started-at="2024-03-15T14:56:10 IST" name="LoginErrorValidation" finished-at="2024-03-15T14:56:11 IST" duration-ms="503" status="PASS">
          <reporter-output>
          </reporter-output>
        </test-method> <!-- LoginErrorValidation -->
        <test-method is-config="true" signature="tearDown()[pri:0, instance:MavenProjectLearning.ErrorValidationsTest@57db2b13]" started-at="2024-03-15T14:56:11 IST" name="tearDown" finished-at="2024-03-15T14:56:11 IST" duration-ms="110" status="PASS">
          <reporter-output>
          </reporter-output>
        </test-method> <!-- tearDown -->
        <test-method is-config="true" signature="launchApplication()[pri:0, instance:MavenProjectLearning.ErrorValidationsTest@57db2b13]" started-at="2024-03-15T14:56:11 IST" name="launchApplication" finished-at="2024-03-15T14:56:19 IST" duration-ms="8602" status="PASS">
          <reporter-output>
          </reporter-output>
        </test-method> <!-- launchApplication -->
        <test-method signature="ProductErrorValidation()[pri:0, instance:MavenProjectLearning.ErrorValidationsTest@57db2b13]" started-at="2024-03-15T14:56:19 IST" name="ProductErrorValidation" finished-at="2024-03-15T14:56:22 IST" duration-ms="2330" status="PASS">
          <reporter-output>
          </reporter-output>
        </test-method> <!-- ProductErrorValidation -->
        <test-method is-config="true" signature="tearDown()[pri:0, instance:MavenProjectLearning.ErrorValidationsTest@57db2b13]" started-at="2024-03-15T14:56:22 IST" name="tearDown" finished-at="2024-03-15T14:56:22 IST" duration-ms="178" status="PASS">
          <reporter-output>
          </reporter-output>
        </test-method> <!-- tearDown -->
      </class> <!-- MavenProjectLearning.ErrorValidationsTest -->
    </test> <!-- Error Validations Test -->
  </suite> <!-- Suite -->
</testng-results>
